<?xml version="1.0" encoding="UTF-8"?>
<!-- Generated by org.testng.reporters.JUnitXMLReporter -->
<testsuite ignored="33" hostname="ASN69" failures="1" tests="1" name="Default test" time="28.557" errors="0" timestamp="2022-10-05T20:28:30 EDT">
  <testcase classname="page.HomePageTest" name="dropdown_selectByVisisbleText_Method" time="22.901">
    <failure type="org.openqa.selenium.NoSuchElementException" message="no such element: Unable to locate element: {&amp;quot;method&amp;quot;:&amp;quot;css selector&amp;quot;,&amp;quot;selector&amp;quot;:&amp;quot;#search\-dropdown\-box&amp;quot;}
  (Session info: chrome=106.0.5249.91)
For documentation on this error, please visit: https://www.seleniumhq.org/exceptions/no_such_element.html
Build info: version: &amp;apos;3.141.59&amp;apos;, revision: &amp;apos;e82be7d358&amp;apos;, time: &amp;apos;2018-11-14T08:17:03&amp;apos;
System info: host: &amp;apos;ASN69&amp;apos;, ip: &amp;apos;192.168.1.107&amp;apos;, os.name: &amp;apos;Windows 10&amp;apos;, os.arch: &amp;apos;amd64&amp;apos;, os.version: &amp;apos;10.0&amp;apos;, java.version: &amp;apos;17.0.3&amp;apos;
Driver info: org.openqa.selenium.chrome.ChromeDriver
Capabilities {acceptInsecureCerts: false, browserName: chrome, browserVersion: 106.0.5249.91, chrome: {chromedriverVersion: 106.0.5249.61 (511755355844..., userDataDir: C:\Users\ABUSHA~1\AppData\L...}, goog:chromeOptions: {debuggerAddress: localhost:49340}, javascriptEnabled: true, networkConnectionEnabled: false, pageLoadStrategy: normal, platform: WINDOWS, platformName: WINDOWS, proxy: Proxy(), setWindowRect: true, strictFileInteractability: false, timeouts: {implicit: 0, pageLoad: 300000, script: 30000}, unhandledPromptBehavior: dismiss and notify, webauthn:extension:credBlob: true, webauthn:extension:largeBlob: true, webauthn:virtualAuthenticators: true}
Session ID: 6770b54836212deda5658b135807f274
*** Element info: {Using=id, value=search-dropdown-box}">
      <![CDATA[org.openqa.selenium.NoSuchElementException: no such element: Unable to locate element: {"method":"css selector","selector":"#search\-dropdown\-box"}
  (Session info: chrome=106.0.5249.91)
For documentation on this error, please visit: https://www.seleniumhq.org/exceptions/no_such_element.html
Build info: version: '3.141.59', revision: 'e82be7d358', time: '2018-11-14T08:17:03'
System info: host: 'ASN69', ip: '192.168.1.107', os.name: 'Windows 10', os.arch: 'amd64', os.version: '10.0', java.version: '17.0.3'
Driver info: org.openqa.selenium.chrome.ChromeDriver
Capabilities {acceptInsecureCerts: false, browserName: chrome, browserVersion: 106.0.5249.91, chrome: {chromedriverVersion: 106.0.5249.61 (511755355844..., userDataDir: C:\Users\ABUSHA~1\AppData\L...}, goog:chromeOptions: {debuggerAddress: localhost:49340}, javascriptEnabled: true, networkConnectionEnabled: false, pageLoadStrategy: normal, platform: WINDOWS, platformName: WINDOWS, proxy: Proxy(), setWindowRect: true, strictFileInteractability: false, timeouts: {implicit: 0, pageLoad: 300000, script: 30000}, unhandledPromptBehavior: dismiss and notify, webauthn:extension:credBlob: true, webauthn:extension:largeBlob: true, webauthn:virtualAuthenticators: true}
Session ID: 6770b54836212deda5658b135807f274
*** Element info: {Using=id, value=search-dropdown-box}
at java.base/jdk.internal.reflect.NativeConstructorAccessorImpl.newInstance0(Native Method)
at java.base/jdk.internal.reflect.NativeConstructorAccessorImpl.newInstance(NativeConstructorAccessorImpl.java:77)
at java.base/jdk.internal.reflect.DelegatingConstructorAccessorImpl.newInstance(DelegatingConstructorAccessorImpl.java:45)
at java.base/java.lang.reflect.Constructor.newInstanceWithCaller(Constructor.java:499)
at java.base/java.lang.reflect.Constructor.newInstance(Constructor.java:480)
at org.openqa.selenium.remote.http.W3CHttpResponseCodec.createException(W3CHttpResponseCodec.java:187)
at org.openqa.selenium.remote.http.W3CHttpResponseCodec.decode(W3CHttpResponseCodec.java:122)
at org.openqa.selenium.remote.http.W3CHttpResponseCodec.decode(W3CHttpResponseCodec.java:49)
at org.openqa.selenium.remote.HttpCommandExecutor.execute(HttpCommandExecutor.java:158)
at org.openqa.selenium.remote.service.DriverCommandExecutor.execute(DriverCommandExecutor.java:83)
at org.openqa.selenium.remote.RemoteWebDriver.execute(RemoteWebDriver.java:552)
at org.openqa.selenium.remote.RemoteWebDriver.findElement(RemoteWebDriver.java:323)
at org.openqa.selenium.remote.RemoteWebDriver.findElementById(RemoteWebDriver.java:372)
at org.openqa.selenium.By$ById.findElement(By.java:188)
at org.openqa.selenium.remote.RemoteWebDriver.findElement(RemoteWebDriver.java:315)
at page.HomePageTest.dropdown_selectByVisisbleText_Method(HomePageTest.java:244)
at java.base/jdk.internal.reflect.NativeMethodAccessorImpl.invoke0(Native Method)
at java.base/jdk.internal.reflect.NativeMethodAccessorImpl.invoke(NativeMethodAccessorImpl.java:77)
at java.base/jdk.internal.reflect.DelegatingMethodAccessorImpl.invoke(DelegatingMethodAccessorImpl.java:43)
at java.base/java.lang.reflect.Method.invoke(Method.java:568)
at org.testng.internal.invokers.MethodInvocationHelper.invokeMethod(MethodInvocationHelper.java:139)
at org.testng.internal.invokers.TestInvoker.invokeMethod(TestInvoker.java:677)
at org.testng.internal.invokers.TestInvoker.invokeTestMethod(TestInvoker.java:221)
at org.testng.internal.invokers.MethodRunner.runInSequence(MethodRunner.java:50)
at org.testng.internal.invokers.TestInvoker$MethodInvocationAgent.invoke(TestInvoker.java:962)
at org.testng.internal.invokers.TestInvoker.invokeTestMethods(TestInvoker.java:194)
at org.testng.internal.invokers.TestMethodWorker.invokeTestMethods(TestMethodWorker.java:148)
at org.testng.internal.invokers.TestMethodWorker.run(TestMethodWorker.java:128)
at java.base/java.util.ArrayList.forEach(ArrayList.java:1511)
at org.testng.TestRunner.privateRun(TestRunner.java:806)
at org.testng.TestRunner.run(TestRunner.java:601)
at org.testng.SuiteRunner.runTest(SuiteRunner.java:433)
at org.testng.SuiteRunner.runSequentially(SuiteRunner.java:427)
at org.testng.SuiteRunner.privateRun(SuiteRunner.java:387)
at org.testng.SuiteRunner.run(SuiteRunner.java:330)
at org.testng.SuiteRunnerWorker.runSuite(SuiteRunnerWorker.java:52)
at org.testng.SuiteRunnerWorker.run(SuiteRunnerWorker.java:95)
at org.testng.TestNG.runSuitesSequentially(TestNG.java:1256)
at org.testng.TestNG.runSuitesLocally(TestNG.java:1176)
at org.testng.TestNG.runSuites(TestNG.java:1099)
at org.testng.TestNG.run(TestNG.java:1067)
at org.testng.remote.AbstractRemoteTestNG.run(AbstractRemoteTestNG.java:115)
at org.testng.remote.RemoteTestNG.initAndRun(RemoteTestNG.java:251)
at org.testng.remote.RemoteTestNG.main(RemoteTestNG.java:77)
]]>
    </failure>
  </testcase> <!-- dropdown_selectByVisisbleText_Method -->
  <testcase classname="page.HomePageTest" name="searchButtonTest1" time="0.0">
    <ignored/>
  </testcase> <!-- searchButtonTest1 -->
  <testcase classname="page.HomePageTest" name="logotest1" time="0.0">
    <ignored/>
  </testcase> <!-- logotest1 -->
  <testcase classname="page.HomePageTest" name="use_of_getText" time="0.0">
    <ignored/>
  </testcase> <!-- use_of_getText -->
  <testcase classname="page.HomePageTest" name="use_of_sendKeys_mathod" time="0.0">
    <ignored/>
  </testcase> <!-- use_of_sendKeys_mathod -->
  <testcase classname="page.HomePageTest" name="signIn" time="0.0">
    <ignored/>
  </testcase> <!-- signIn -->
  <testcase classname="page.HomePageTest" name="logoTest3" time="0.0">
    <ignored/>
  </testcase> <!-- logoTest3 -->
  <testcase classname="page.HomePageTest" name="searchInput" time="0.0">
    <ignored/>
  </testcase> <!-- searchInput -->
  <testcase classname="page.HomePageTest" name="signInButtonTest" time="0.0">
    <ignored/>
  </testcase> <!-- signInButtonTest -->
  <testcase classname="page.HomePageTest" name="allCategories" time="0.0">
    <ignored/>
  </testcase> <!-- allCategories -->
  <testcase classname="page.HomePageTest" name="setASpecificSizeOfWindow" time="0.0">
    <ignored/>
  </testcase> <!-- setASpecificSizeOfWindow -->
  <testcase classname="page.HomePageTest" name="dropdown_selectByIndex_Method" time="0.0">
    <ignored/>
  </testcase> <!-- dropdown_selectByIndex_Method -->
  <testcase classname="page.HomePageTest" name="use_of_navigate_method" time="0.0">
    <ignored/>
  </testcase> <!-- use_of_navigate_method -->
  <testcase classname="page.HomePageTest" name="setScriptTimeoutForWindow" time="0.0">
    <ignored/>
  </testcase> <!-- setScriptTimeoutForWindow -->
  <testcase classname="page.HomePageTest" name="userIdFeildClickTest" time="0.0">
    <ignored/>
  </testcase> <!-- userIdFeildClickTest -->
  <testcase classname="page.HomePageTest" name="dropdown_selectByValue_Method" time="0.0">
    <ignored/>
  </testcase> <!-- dropdown_selectByValue_Method -->
  <testcase classname="page.HomePageTest" name="privacyRightTest" time="0.0">
    <ignored/>
  </testcase> <!-- privacyRightTest -->
  <testcase classname="page.HomePageTest" name="menButtonTest" time="0.0">
    <ignored/>
  </testcase> <!-- menButtonTest -->
  <testcase classname="page.HomePageTest" name="userNameTest" time="0.0">
    <ignored/>
  </testcase> <!-- userNameTest -->
  <testcase classname="page.HomePageTest" name="newfeaturedTest1" time="0.0">
    <ignored/>
  </testcase> <!-- newfeaturedTest1 -->
  <testcase classname="page.HomePageTest" name="logoTest4" time="0.0">
    <ignored/>
  </testcase> <!-- logoTest4 -->
  <testcase classname="page.HomePageTest" name="use_of_sendKeys_mathod_then_click_submit_and_then_clear" time="0.0">
    <ignored/>
  </testcase> <!-- use_of_sendKeys_mathod_then_click_submit_and_then_clear -->
  <testcase classname="page.HomePageTest" name="use_of_getCureentUrl_method" time="0.0">
    <ignored/>
  </testcase> <!-- use_of_getCureentUrl_method -->
  <testcase classname="page.HomePageTest" name="getHelpTest" time="0.0">
    <ignored/>
  </testcase> <!-- getHelpTest -->
  <testcase classname="page.HomePageTest" name="use_of_getAttribute_method" time="0.0">
    <ignored/>
  </testcase> <!-- use_of_getAttribute_method -->
  <testcase classname="page.HomePageTest" name="newFeaturedTest" time="0.0">
    <ignored/>
  </testcase> <!-- newFeaturedTest -->
  <testcase classname="page.HomePageTest" name="logoTest" time="0.0">
    <ignored/>
  </testcase> <!-- logoTest -->
  <testcase classname="page.HomePageTest" name="use_of_getTitle" time="0.0">
    <ignored/>
  </testcase> <!-- use_of_getTitle -->
  <testcase classname="page.HomePageTest" name="nextbuttonTest" time="0.0">
    <ignored/>
  </testcase> <!-- nextbuttonTest -->
  <testcase classname="page.HomePageTest" name="mouseHobarActionOnAboutUs" time="0.0">
    <ignored/>
  </testcase> <!-- mouseHobarActionOnAboutUs -->
  <testcase classname="page.HomePageTest" name="userIdfieldTest" time="0.0">
    <ignored/>
  </testcase> <!-- userIdfieldTest -->
  <testcase classname="page.HomePageTest" name="shopTest" time="0.0">
    <ignored/>
  </testcase> <!-- shopTest -->
  <testcase classname="page.HomePageTest" name="cartTest" time="0.0">
    <ignored/>
  </testcase> <!-- cartTest -->
  <testcase classname="page.HomePageTest" name="searchButtonTest" time="0.0">
    <ignored/>
  </testcase> <!-- searchButtonTest -->
</testsuite> <!-- Default test -->
