<?xml version="1.0" encoding="UTF-8"?>
<!-- Generated by org.testng.reporters.JUnitReportReporter -->
<testsuite hostname="ASN69" failures="0" tests="34" name="page.HomePageTest" time="28.532" errors="1" timestamp="2022-10-05T20:28:30 EDT" skipped="33">
  <testcase classname="page.HomePageTest" name="dropdown_selectByVisisbleText_Method" time="28.532">
    <error message="no such element: Unable to locate element: {&quot;method&quot;:&quot;css selector&quot;,&quot;selector&quot;:&quot;#search\-dropdown\-box&quot;}
  (Session info: chrome=106.0.5249.91)
For documentation on this error, please visit: https://www.seleniumhq.org/exceptions/no_such_element.html
Build info: version: &#039;3.141.59&#039;, revision: &#039;e82be7d358&#039;, time: &#039;2018-11-14T08:17:03&#039;
System info: host: &#039;ASN69&#039;, ip: &#039;192.168.1.107&#039;, os.name: &#039;Windows 10&#039;, os.arch: &#039;amd64&#039;, os.version: &#039;10.0&#039;, java.version: &#039;17.0.3&#039;
Driver info: org.openqa.selenium.chrome.ChromeDriver
Capabilities {acceptInsecureCerts: false, browserName: chrome, browserVersion: 106.0.5249.91, chrome: {chromedriverVersion: 106.0.5249.61 (511755355844..., userDataDir: C:\Users\ABUSHA~1\AppData\L...}, goog:chromeOptions: {debuggerAddress: localhost:49340}, javascriptEnabled: true, networkConnectionEnabled: false, pageLoadStrategy: normal, platform: WINDOWS, platformName: WINDOWS, proxy: Proxy(), setWindowRect: true, strictFileInteractability: false, timeouts: {implicit: 0, pageLoad: 300000, script: 30000}, unhandledPromptBehavior: dismiss and notify, webauthn:extension:credBlob: true, webauthn:extension:largeBlob: true, webauthn:virtualAuthenticators: true}
Session ID: 6770b54836212deda5658b135807f274
*** Element info: {Using=id, value=search-dropdown-box}" type="org.openqa.selenium.NoSuchElementException">
      <![CDATA[org.openqa.selenium.NoSuchElementException: no such element: Unable to locate element: {"method":"css selector","selector":"#search\-dropdown\-box"}
  (Session info: chrome=106.0.5249.91)
For documentation on this error, please visit: https://www.seleniumhq.org/exceptions/no_such_element.html
Build info: version: '3.141.59', revision: 'e82be7d358', time: '2018-11-14T08:17:03'
System info: host: 'ASN69', ip: '192.168.1.107', os.name: 'Windows 10', os.arch: 'amd64', os.version: '10.0', java.version: '17.0.3'
Driver info: org.openqa.selenium.chrome.ChromeDriver
Capabilities {acceptInsecureCerts: false, browserName: chrome, browserVersion: 106.0.5249.91, chrome: {chromedriverVersion: 106.0.5249.61 (511755355844..., userDataDir: C:\Users\ABUSHA~1\AppData\L...}, goog:chromeOptions: {debuggerAddress: localhost:49340}, javascriptEnabled: true, networkConnectionEnabled: false, pageLoadStrategy: normal, platform: WINDOWS, platformName: WINDOWS, proxy: Proxy(), setWindowRect: true, strictFileInteractability: false, timeouts: {implicit: 0, pageLoad: 300000, script: 30000}, unhandledPromptBehavior: dismiss and notify, webauthn:extension:credBlob: true, webauthn:extension:largeBlob: true, webauthn:virtualAuthenticators: true}
Session ID: 6770b54836212deda5658b135807f274
*** Element info: {Using=id, value=search-dropdown-box}
at java.base/jdk.internal.reflect.NativeConstructorAccessorImpl.newInstance0(Native Method)
at java.base/jdk.internal.reflect.NativeConstructorAccessorImpl.newInstance(NativeConstructorAccessorImpl.java:77)
at java.base/jdk.internal.reflect.DelegatingConstructorAccessorImpl.newInstance(DelegatingConstructorAccessorImpl.java:45)
at java.base/java.lang.reflect.Constructor.newInstanceWithCaller(Constructor.java:499)
at java.base/java.lang.reflect.Constructor.newInstance(Constructor.java:480)
at org.openqa.selenium.remote.http.W3CHttpResponseCodec.createException(W3CHttpResponseCodec.java:187)
at org.openqa.selenium.remote.http.W3CHttpResponseCodec.decode(W3CHttpResponseCodec.java:122)
at org.openqa.selenium.remote.http.W3CHttpResponseCodec.decode(W3CHttpResponseCodec.java:49)
at org.openqa.selenium.remote.HttpCommandExecutor.execute(HttpCommandExecutor.java:158)
at org.openqa.selenium.remote.service.DriverCommandExecutor.execute(DriverCommandExecutor.java:83)
at org.openqa.selenium.remote.RemoteWebDriver.execute(RemoteWebDriver.java:552)
at org.openqa.selenium.remote.RemoteWebDriver.findElement(RemoteWebDriver.java:323)
at org.openqa.selenium.remote.RemoteWebDriver.findElementById(RemoteWebDriver.java:372)
at org.openqa.selenium.By$ById.findElement(By.java:188)
at org.openqa.selenium.remote.RemoteWebDriver.findElement(RemoteWebDriver.java:315)
at page.HomePageTest.dropdown_selectByVisisbleText_Method(HomePageTest.java:244)
at java.base/jdk.internal.reflect.NativeMethodAccessorImpl.invoke0(Native Method)
at java.base/jdk.internal.reflect.NativeMethodAccessorImpl.invoke(NativeMethodAccessorImpl.java:77)
at java.base/jdk.internal.reflect.DelegatingMethodAccessorImpl.invoke(DelegatingMethodAccessorImpl.java:43)
at java.base/java.lang.reflect.Method.invoke(Method.java:568)
at org.testng.internal.invokers.MethodInvocationHelper.invokeMethod(MethodInvocationHelper.java:139)
at org.testng.internal.invokers.TestInvoker.invokeMethod(TestInvoker.java:677)
at org.testng.internal.invokers.TestInvoker.invokeTestMethod(TestInvoker.java:221)
at org.testng.internal.invokers.MethodRunner.runInSequence(MethodRunner.java:50)
at org.testng.internal.invokers.TestInvoker$MethodInvocationAgent.invoke(TestInvoker.java:962)
at org.testng.internal.invokers.TestInvoker.invokeTestMethods(TestInvoker.java:194)
at org.testng.internal.invokers.TestMethodWorker.invokeTestMethods(TestMethodWorker.java:148)
at org.testng.internal.invokers.TestMethodWorker.run(TestMethodWorker.java:128)
at java.base/java.util.ArrayList.forEach(ArrayList.java:1511)
at org.testng.TestRunner.privateRun(TestRunner.java:806)
at org.testng.TestRunner.run(TestRunner.java:601)
at org.testng.SuiteRunner.runTest(SuiteRunner.java:433)
at org.testng.SuiteRunner.runSequentially(SuiteRunner.java:427)
at org.testng.SuiteRunner.privateRun(SuiteRunner.java:387)
at org.testng.SuiteRunner.run(SuiteRunner.java:330)
at org.testng.SuiteRunnerWorker.runSuite(SuiteRunnerWorker.java:52)
at org.testng.SuiteRunnerWorker.run(SuiteRunnerWorker.java:95)
at org.testng.TestNG.runSuitesSequentially(TestNG.java:1256)
at org.testng.TestNG.runSuitesLocally(TestNG.java:1176)
at org.testng.TestNG.runSuites(TestNG.java:1099)
at org.testng.TestNG.run(TestNG.java:1067)
at org.testng.remote.AbstractRemoteTestNG.run(AbstractRemoteTestNG.java:115)
at org.testng.remote.RemoteTestNG.initAndRun(RemoteTestNG.java:251)
at org.testng.remote.RemoteTestNG.main(RemoteTestNG.java:77)
]]>
    </error>
  </testcase> <!-- dropdown_selectByVisisbleText_Method -->
  <system-out/>
  <testcase classname="page.HomePageTest" name="searchButtonTest1">
    <skipped/>
  </testcase> <!-- searchButtonTest1 -->
  <system-out/>
  <testcase classname="page.HomePageTest" name="logotest1">
    <skipped/>
  </testcase> <!-- logotest1 -->
  <system-out/>
  <testcase classname="page.HomePageTest" name="use_of_getText">
    <skipped/>
  </testcase> <!-- use_of_getText -->
  <system-out/>
  <testcase classname="page.HomePageTest" name="use_of_sendKeys_mathod">
    <skipped/>
  </testcase> <!-- use_of_sendKeys_mathod -->
  <system-out/>
  <testcase classname="page.HomePageTest" name="signIn">
    <skipped/>
  </testcase> <!-- signIn -->
  <system-out/>
  <testcase classname="page.HomePageTest" name="logoTest3">
    <skipped/>
  </testcase> <!-- logoTest3 -->
  <system-out/>
  <testcase classname="page.HomePageTest" name="searchInput">
    <skipped/>
  </testcase> <!-- searchInput -->
  <system-out/>
  <testcase classname="page.HomePageTest" name="signInButtonTest">
    <skipped/>
  </testcase> <!-- signInButtonTest -->
  <system-out/>
  <testcase classname="page.HomePageTest" name="allCategories">
    <skipped/>
  </testcase> <!-- allCategories -->
  <system-out/>
  <testcase classname="page.HomePageTest" name="setASpecificSizeOfWindow">
    <skipped/>
  </testcase> <!-- setASpecificSizeOfWindow -->
  <system-out/>
  <testcase classname="page.HomePageTest" name="dropdown_selectByIndex_Method">
    <skipped/>
  </testcase> <!-- dropdown_selectByIndex_Method -->
  <system-out/>
  <testcase classname="page.HomePageTest" name="use_of_navigate_method">
    <skipped/>
  </testcase> <!-- use_of_navigate_method -->
  <system-out/>
  <testcase classname="page.HomePageTest" name="setScriptTimeoutForWindow">
    <skipped/>
  </testcase> <!-- setScriptTimeoutForWindow -->
  <system-out/>
  <testcase classname="page.HomePageTest" name="userIdFeildClickTest">
    <skipped/>
  </testcase> <!-- userIdFeildClickTest -->
  <system-out/>
  <testcase classname="page.HomePageTest" name="dropdown_selectByValue_Method">
    <skipped/>
  </testcase> <!-- dropdown_selectByValue_Method -->
  <system-out/>
  <testcase classname="page.HomePageTest" name="privacyRightTest">
    <skipped/>
  </testcase> <!-- privacyRightTest -->
  <system-out/>
  <testcase classname="page.HomePageTest" name="menButtonTest">
    <skipped/>
  </testcase> <!-- menButtonTest -->
  <system-out/>
  <testcase classname="page.HomePageTest" name="userNameTest">
    <skipped/>
  </testcase> <!-- userNameTest -->
  <system-out/>
  <testcase classname="page.HomePageTest" name="newfeaturedTest1">
    <skipped/>
  </testcase> <!-- newfeaturedTest1 -->
  <system-out/>
  <testcase classname="page.HomePageTest" name="logoTest4">
    <skipped/>
  </testcase> <!-- logoTest4 -->
  <system-out/>
  <testcase classname="page.HomePageTest" name="use_of_sendKeys_mathod_then_click_submit_and_then_clear">
    <skipped/>
  </testcase> <!-- use_of_sendKeys_mathod_then_click_submit_and_then_clear -->
  <system-out/>
  <testcase classname="page.HomePageTest" name="use_of_getCureentUrl_method">
    <skipped/>
  </testcase> <!-- use_of_getCureentUrl_method -->
  <system-out/>
  <testcase classname="page.HomePageTest" name="getHelpTest">
    <skipped/>
  </testcase> <!-- getHelpTest -->
  <system-out/>
  <testcase classname="page.HomePageTest" name="use_of_getAttribute_method">
    <skipped/>
  </testcase> <!-- use_of_getAttribute_method -->
  <system-out/>
  <testcase classname="page.HomePageTest" name="newFeaturedTest">
    <skipped/>
  </testcase> <!-- newFeaturedTest -->
  <system-out/>
  <testcase classname="page.HomePageTest" name="logoTest">
    <skipped/>
  </testcase> <!-- logoTest -->
  <system-out/>
  <testcase classname="page.HomePageTest" name="use_of_getTitle">
    <skipped/>
  </testcase> <!-- use_of_getTitle -->
  <system-out/>
  <testcase classname="page.HomePageTest" name="nextbuttonTest">
    <skipped/>
  </testcase> <!-- nextbuttonTest -->
  <system-out/>
  <testcase classname="page.HomePageTest" name="mouseHobarActionOnAboutUs">
    <skipped/>
  </testcase> <!-- mouseHobarActionOnAboutUs -->
  <system-out/>
  <testcase classname="page.HomePageTest" name="userIdfieldTest">
    <skipped/>
  </testcase> <!-- userIdfieldTest -->
  <system-out/>
  <testcase classname="page.HomePageTest" name="shopTest">
    <skipped/>
  </testcase> <!-- shopTest -->
  <system-out/>
  <testcase classname="page.HomePageTest" name="cartTest">
    <skipped/>
  </testcase> <!-- cartTest -->
  <system-out/>
  <testcase classname="page.HomePageTest" name="searchButtonTest">
    <skipped/>
  </testcase> <!-- searchButtonTest -->
  <system-out/>
</testsuite> <!-- page.HomePageTest -->
